<?xml version="1.0" encoding="UTF-8"?>
<!-- Generated by org.testng.reporters.JUnitXMLReporter -->
<testsuite hostname="DESKTOP-0GJ2NJS" ignored="0" name="testngsamples" tests="12" failures="0" timestamp="2020-08-29T16:37:28 IST" time="0.172" errors="0">
  <testcase name="multiply" time="0.012" classname="mypack.TestDataProvider1"/>
  <testcase name="multiply" time="0.001" classname="mypack.TestDataProvider1"/>
  <testcase name="multiply" time="0.014" classname="mypack.TestDataProvider1"/>
  <testcase name="multiply" time="0.0" classname="mypack.TestDataProvider1"/>
  <testcase name="subtract" time="0.0" classname="mypack.TestDataProvider1"/>
  <testcase name="subtract" time="0.002" classname="mypack.TestDataProvider1"/>
  <testcase name="subtract" time="0.001" classname="mypack.TestDataProvider1"/>
  <testcase name="subtract" time="0.002" classname="mypack.TestDataProvider1"/>
  <testcase name="sum" time="0.004" classname="mypack.TestDataProvider1"/>
  <testcase name="sum" time="0.002" classname="mypack.TestDataProvider1"/>
  <testcase name="sum" time="0.002" classname="mypack.TestDataProvider1"/>
  <testcase name="sum" time="0.001" classname="mypack.TestDataProvider1"/>
</testsuite> <!-- testngsamples -->
