<?xml version="1.0" encoding="UTF-8"?>
<testng-results skipped="0" failed="0" ignored="0" total="12" passed="12">
  <reporter-output>
  </reporter-output>
  <suite name="Default Suite" duration-ms="172" started-at="2020-08-29T16:37:28 IST" finished-at="2020-08-29T16:37:28 IST">
    <groups>
    </groups>
    <test name="testngsamples" duration-ms="172" started-at="2020-08-29T16:37:28 IST" finished-at="2020-08-29T16:37:28 IST">
      <class name="mypack.TestDataProvider1">
        <test-method status="PASS" signature="multiply(int, int)[pri:0, instance:mypack.TestDataProvider1@6166e06f]" name="multiply" duration-ms="12" started-at="2020-08-29T16:37:28 IST" data-provider="mydata" finished-at="2020-08-29T16:37:28 IST">
          <params>
            <param index="0">
              <value>
                <![CDATA[10]]>
              </value>
            </param>
            <param index="1">
              <value>
                <![CDATA[20]]>
              </value>
            </param>
          </params>
          <reporter-output>
          </reporter-output>
        </test-method> <!-- multiply -->
        <test-method status="PASS" signature="multiply(int, int)[pri:0, instance:mypack.TestDataProvider1@6166e06f]" name="multiply" duration-ms="1" started-at="2020-08-29T16:37:28 IST" data-provider="mydata" finished-at="2020-08-29T16:37:28 IST">
          <params>
            <param index="0">
              <value>
                <![CDATA[30]]>
              </value>
            </param>
            <param index="1">
              <value>
                <![CDATA[40]]>
              </value>
            </param>
          </params>
          <reporter-output>
          </reporter-output>
        </test-method> <!-- multiply -->
        <test-method status="PASS" signature="multiply(int, int)[pri:0, instance:mypack.TestDataProvider1@6166e06f]" name="multiply" duration-ms="14" started-at="2020-08-29T16:37:28 IST" data-provider="mydata" finished-at="2020-08-29T16:37:28 IST">
          <params>
            <param index="0">
              <value>
                <![CDATA[50]]>
              </value>
            </param>
            <param index="1">
              <value>
                <![CDATA[60]]>
              </value>
            </param>
          </params>
          <reporter-output>
          </reporter-output>
        </test-method> <!-- multiply -->
        <test-method status="PASS" signature="multiply(int, int)[pri:0, instance:mypack.TestDataProvider1@6166e06f]" name="multiply" duration-ms="0" started-at="2020-08-29T16:37:28 IST" data-provider="mydata" finished-at="2020-08-29T16:37:28 IST">
          <params>
            <param index="0">
              <value>
                <![CDATA[60]]>
              </value>
            </param>
            <param index="1">
              <value>
                <![CDATA[70]]>
              </value>
            </param>
          </params>
          <reporter-output>
          </reporter-output>
        </test-method> <!-- multiply -->
        <test-method status="PASS" signature="subtract(int, int)[pri:0, instance:mypack.TestDataProvider1@6166e06f]" name="subtract" duration-ms="0" started-at="2020-08-29T16:37:28 IST" data-provider="mydata" finished-at="2020-08-29T16:37:28 IST">
          <params>
            <param index="0">
              <value>
                <![CDATA[10]]>
              </value>
            </param>
            <param index="1">
              <value>
                <![CDATA[20]]>
              </value>
            </param>
          </params>
          <reporter-output>
          </reporter-output>
        </test-method> <!-- subtract -->
        <test-method status="PASS" signature="subtract(int, int)[pri:0, instance:mypack.TestDataProvider1@6166e06f]" name="subtract" duration-ms="2" started-at="2020-08-29T16:37:28 IST" data-provider="mydata" finished-at="2020-08-29T16:37:28 IST">
          <params>
            <param index="0">
              <value>
                <![CDATA[30]]>
              </value>
            </param>
            <param index="1">
              <value>
                <![CDATA[40]]>
              </value>
            </param>
          </params>
          <reporter-output>
          </reporter-output>
        </test-method> <!-- subtract -->
        <test-method status="PASS" signature="subtract(int, int)[pri:0, instance:mypack.TestDataProvider1@6166e06f]" name="subtract" duration-ms="1" started-at="2020-08-29T16:37:28 IST" data-provider="mydata" finished-at="2020-08-29T16:37:28 IST">
          <params>
            <param index="0">
              <value>
                <![CDATA[50]]>
              </value>
            </param>
            <param index="1">
              <value>
                <![CDATA[60]]>
              </value>
            </param>
          </params>
          <reporter-output>
          </reporter-output>
        </test-method> <!-- subtract -->
        <test-method status="PASS" signature="subtract(int, int)[pri:0, instance:mypack.TestDataProvider1@6166e06f]" name="subtract" duration-ms="2" started-at="2020-08-29T16:37:28 IST" data-provider="mydata" finished-at="2020-08-29T16:37:28 IST">
          <params>
            <param index="0">
              <value>
                <![CDATA[60]]>
              </value>
            </param>
            <param index="1">
              <value>
                <![CDATA[70]]>
              </value>
            </param>
          </params>
          <reporter-output>
          </reporter-output>
        </test-method> <!-- subtract -->
        <test-method status="PASS" signature="sum(int, int)[pri:0, instance:mypack.TestDataProvider1@6166e06f]" name="sum" duration-ms="4" started-at="2020-08-29T16:37:28 IST" data-provider="mydata" finished-at="2020-08-29T16:37:28 IST">
          <params>
            <param index="0">
              <value>
                <![CDATA[10]]>
              </value>
            </param>
            <param index="1">
              <value>
                <![CDATA[20]]>
              </value>
            </param>
          </params>
          <reporter-output>
          </reporter-output>
        </test-method> <!-- sum -->
        <test-method status="PASS" signature="sum(int, int)[pri:0, instance:mypack.TestDataProvider1@6166e06f]" name="sum" duration-ms="2" started-at="2020-08-29T16:37:28 IST" data-provider="mydata" finished-at="2020-08-29T16:37:28 IST">
          <params>
            <param index="0">
              <value>
                <![CDATA[30]]>
              </value>
            </param>
            <param index="1">
              <value>
                <![CDATA[40]]>
              </value>
            </param>
          </params>
          <reporter-output>
          </reporter-output>
        </test-method> <!-- sum -->
        <test-method status="PASS" signature="sum(int, int)[pri:0, instance:mypack.TestDataProvider1@6166e06f]" name="sum" duration-ms="2" started-at="2020-08-29T16:37:28 IST" data-provider="mydata" finished-at="2020-08-29T16:37:28 IST">
          <params>
            <param index="0">
              <value>
                <![CDATA[50]]>
              </value>
            </param>
            <param index="1">
              <value>
                <![CDATA[60]]>
              </value>
            </param>
          </params>
          <reporter-output>
          </reporter-output>
        </test-method> <!-- sum -->
        <test-method status="PASS" signature="sum(int, int)[pri:0, instance:mypack.TestDataProvider1@6166e06f]" name="sum" duration-ms="1" started-at="2020-08-29T16:37:28 IST" data-provider="mydata" finished-at="2020-08-29T16:37:28 IST">
          <params>
            <param index="0">
              <value>
                <![CDATA[60]]>
              </value>
            </param>
            <param index="1">
              <value>
                <![CDATA[70]]>
              </value>
            </param>
          </params>
          <reporter-output>
          </reporter-output>
        </test-method> <!-- sum -->
      </class> <!-- mypack.TestDataProvider1 -->
    </test> <!-- testngsamples -->
  </suite> <!-- Default Suite -->
</testng-results>
